INFO - 2023-11-17 00:44:53 --> Session: Class initialized using 'CodeIgniter\Session\Handlers\FileHandler' driver.
INFO - 2023-11-17 00:44:57 --> Session: Class initialized using 'CodeIgniter\Session\Handlers\FileHandler' driver.
INFO - 2023-11-17 00:44:57 --> Session: Class initialized using 'CodeIgniter\Session\Handlers\FileHandler' driver.
INFO - 2023-11-17 00:48:53 --> Session: Class initialized using 'CodeIgniter\Session\Handlers\FileHandler' driver.
INFO - 2023-11-17 00:49:00 --> Session: Class initialized using 'CodeIgniter\Session\Handlers\FileHandler' driver.
INFO - 2023-11-17 00:54:55 --> Session: Class initialized using 'CodeIgniter\Session\Handlers\FileHandler' driver.
INFO - 2023-11-17 00:55:00 --> Session: Class initialized using 'CodeIgniter\Session\Handlers\FileHandler' driver.
INFO - 2023-11-17 00:55:00 --> Session: Class initialized using 'CodeIgniter\Session\Handlers\FileHandler' driver.
INFO - 2023-11-17 01:32:57 --> Session: Class initialized using 'CodeIgniter\Session\Handlers\FileHandler' driver.
INFO - 2023-11-17 01:33:09 --> Session: Class initialized using 'CodeIgniter\Session\Handlers\FileHandler' driver.
INFO - 2023-11-17 01:33:11 --> Session: Class initialized using 'CodeIgniter\Session\Handlers\FileHandler' driver.
INFO - 2023-11-17 01:33:30 --> Session: Class initialized using 'CodeIgniter\Session\Handlers\FileHandler' driver.
INFO - 2023-11-17 01:33:40 --> Session: Class initialized using 'CodeIgniter\Session\Handlers\FileHandler' driver.
INFO - 2023-11-17 01:33:45 --> Session: Class initialized using 'CodeIgniter\Session\Handlers\FileHandler' driver.
INFO - 2023-11-17 01:33:45 --> Session: Class initialized using 'CodeIgniter\Session\Handlers\FileHandler' driver.
INFO - 2023-11-17 01:34:34 --> Session: Class initialized using 'CodeIgniter\Session\Handlers\FileHandler' driver.
INFO - 2023-11-17 01:35:34 --> Session: Class initialized using 'CodeIgniter\Session\Handlers\FileHandler' driver.
INFO - 2023-11-17 01:38:46 --> Session: Class initialized using 'CodeIgniter\Session\Handlers\FileHandler' driver.
INFO - 2023-11-17 01:42:48 --> Session: Class initialized using 'CodeIgniter\Session\Handlers\FileHandler' driver.
INFO - 2023-11-17 01:43:02 --> Session: Class initialized using 'CodeIgniter\Session\Handlers\FileHandler' driver.
INFO - 2023-11-17 01:43:11 --> Session: Class initialized using 'CodeIgniter\Session\Handlers\FileHandler' driver.
INFO - 2023-11-17 01:44:20 --> Session: Class initialized using 'CodeIgniter\Session\Handlers\FileHandler' driver.
INFO - 2023-11-17 01:46:26 --> Session: Class initialized using 'CodeIgniter\Session\Handlers\FileHandler' driver.
INFO - 2023-11-17 01:46:27 --> Session: Class initialized using 'CodeIgniter\Session\Handlers\FileHandler' driver.
INFO - 2023-11-17 01:47:56 --> Session: Class initialized using 'CodeIgniter\Session\Handlers\FileHandler' driver.
INFO - 2023-11-17 01:48:05 --> Session: Class initialized using 'CodeIgniter\Session\Handlers\FileHandler' driver.
INFO - 2023-11-17 01:48:15 --> Session: Class initialized using 'CodeIgniter\Session\Handlers\FileHandler' driver.
INFO - 2023-11-17 01:48:28 --> Session: Class initialized using 'CodeIgniter\Session\Handlers\FileHandler' driver.
INFO - 2023-11-17 01:48:38 --> Session: Class initialized using 'CodeIgniter\Session\Handlers\FileHandler' driver.
INFO - 2023-11-17 01:48:51 --> Session: Class initialized using 'CodeIgniter\Session\Handlers\FileHandler' driver.
INFO - 2023-11-17 01:48:51 --> Session: Class initialized using 'CodeIgniter\Session\Handlers\FileHandler' driver.
INFO - 2023-11-17 01:49:32 --> Session: Class initialized using 'CodeIgniter\Session\Handlers\FileHandler' driver.
WARNING - 2023-11-17 01:53:24 --> [DEPRECATED] Creation of dynamic property App\Libraries\DataTables::$db is deprecated in APPPATH\Libraries\DataTables.php on line 9.
 1 APPPATH\Controllers\Home.php(11): App\Libraries\DataTables->__construct()
 2 SYSTEMPATH\CodeIgniter.php(904): App\Controllers\Home->__construct()
 3 SYSTEMPATH\CodeIgniter.php(488): CodeIgniter\CodeIgniter->createController()
 4 SYSTEMPATH\CodeIgniter.php(366): CodeIgniter\CodeIgniter->handleRequest(null, Object(Config\Cache), false)
 5 FCPATH\index.php(67): CodeIgniter\CodeIgniter->run()
WARNING - 2023-11-17 01:53:24 --> [DEPRECATED] Creation of dynamic property App\Controllers\Home::$DataTables is deprecated in APPPATH\Controllers\Home.php on line 11.
 1 SYSTEMPATH\CodeIgniter.php(904): App\Controllers\Home->__construct()
 2 SYSTEMPATH\CodeIgniter.php(488): CodeIgniter\CodeIgniter->createController()
 3 SYSTEMPATH\CodeIgniter.php(366): CodeIgniter\CodeIgniter->handleRequest(null, Object(Config\Cache), false)
 4 FCPATH\index.php(67): CodeIgniter\CodeIgniter->run()
INFO - 2023-11-17 01:53:24 --> Session: Class initialized using 'CodeIgniter\Session\Handlers\FileHandler' driver.
WARNING - 2023-11-17 01:53:37 --> [DEPRECATED] Creation of dynamic property App\Libraries\DataTables::$db is deprecated in APPPATH\Libraries\DataTables.php on line 9.
 1 APPPATH\Controllers\Home.php(11): App\Libraries\DataTables->__construct()
 2 SYSTEMPATH\CodeIgniter.php(904): App\Controllers\Home->__construct()
 3 SYSTEMPATH\CodeIgniter.php(488): CodeIgniter\CodeIgniter->createController()
 4 SYSTEMPATH\CodeIgniter.php(366): CodeIgniter\CodeIgniter->handleRequest(null, Object(Config\Cache), false)
 5 FCPATH\index.php(67): CodeIgniter\CodeIgniter->run()
WARNING - 2023-11-17 01:53:37 --> [DEPRECATED] Creation of dynamic property App\Controllers\Home::$DataTables is deprecated in APPPATH\Controllers\Home.php on line 11.
 1 SYSTEMPATH\CodeIgniter.php(904): App\Controllers\Home->__construct()
 2 SYSTEMPATH\CodeIgniter.php(488): CodeIgniter\CodeIgniter->createController()
 3 SYSTEMPATH\CodeIgniter.php(366): CodeIgniter\CodeIgniter->handleRequest(null, Object(Config\Cache), false)
 4 FCPATH\index.php(67): CodeIgniter\CodeIgniter->run()
INFO - 2023-11-17 01:53:37 --> Session: Class initialized using 'CodeIgniter\Session\Handlers\FileHandler' driver.
WARNING - 2023-11-17 01:54:37 --> [DEPRECATED] Creation of dynamic property App\Libraries\DataTables::$db is deprecated in APPPATH\Libraries\DataTables.php on line 9.
 1 APPPATH\Controllers\Home.php(11): App\Libraries\DataTables->__construct()
 2 SYSTEMPATH\CodeIgniter.php(904): App\Controllers\Home->__construct()
 3 SYSTEMPATH\CodeIgniter.php(488): CodeIgniter\CodeIgniter->createController()
 4 SYSTEMPATH\CodeIgniter.php(366): CodeIgniter\CodeIgniter->handleRequest(null, Object(Config\Cache), false)
 5 FCPATH\index.php(67): CodeIgniter\CodeIgniter->run()
WARNING - 2023-11-17 01:54:37 --> [DEPRECATED] Creation of dynamic property App\Controllers\Home::$DataTables is deprecated in APPPATH\Controllers\Home.php on line 11.
 1 SYSTEMPATH\CodeIgniter.php(904): App\Controllers\Home->__construct()
 2 SYSTEMPATH\CodeIgniter.php(488): CodeIgniter\CodeIgniter->createController()
 3 SYSTEMPATH\CodeIgniter.php(366): CodeIgniter\CodeIgniter->handleRequest(null, Object(Config\Cache), false)
 4 FCPATH\index.php(67): CodeIgniter\CodeIgniter->run()
INFO - 2023-11-17 01:54:37 --> Session: Class initialized using 'CodeIgniter\Session\Handlers\FileHandler' driver.
WARNING - 2023-11-17 01:55:21 --> [DEPRECATED] Creation of dynamic property App\Libraries\DataTables::$db is deprecated in APPPATH\Libraries\DataTables.php on line 9.
 1 APPPATH\Controllers\Home.php(11): App\Libraries\DataTables->__construct()
 2 SYSTEMPATH\CodeIgniter.php(904): App\Controllers\Home->__construct()
 3 SYSTEMPATH\CodeIgniter.php(488): CodeIgniter\CodeIgniter->createController()
 4 SYSTEMPATH\CodeIgniter.php(366): CodeIgniter\CodeIgniter->handleRequest(null, Object(Config\Cache), false)
 5 FCPATH\index.php(67): CodeIgniter\CodeIgniter->run()
WARNING - 2023-11-17 01:55:21 --> [DEPRECATED] Creation of dynamic property App\Controllers\Home::$DataTables is deprecated in APPPATH\Controllers\Home.php on line 11.
 1 SYSTEMPATH\CodeIgniter.php(904): App\Controllers\Home->__construct()
 2 SYSTEMPATH\CodeIgniter.php(488): CodeIgniter\CodeIgniter->createController()
 3 SYSTEMPATH\CodeIgniter.php(366): CodeIgniter\CodeIgniter->handleRequest(null, Object(Config\Cache), false)
 4 FCPATH\index.php(67): CodeIgniter\CodeIgniter->run()
INFO - 2023-11-17 01:55:21 --> Session: Class initialized using 'CodeIgniter\Session\Handlers\FileHandler' driver.
WARNING - 2023-11-17 01:56:26 --> [DEPRECATED] Creation of dynamic property App\Libraries\DataTables::$db is deprecated in APPPATH\Libraries\DataTables.php on line 9.
 1 APPPATH\Controllers\Home.php(11): App\Libraries\DataTables->__construct()
 2 SYSTEMPATH\CodeIgniter.php(904): App\Controllers\Home->__construct()
 3 SYSTEMPATH\CodeIgniter.php(488): CodeIgniter\CodeIgniter->createController()
 4 SYSTEMPATH\CodeIgniter.php(366): CodeIgniter\CodeIgniter->handleRequest(null, Object(Config\Cache), false)
 5 FCPATH\index.php(67): CodeIgniter\CodeIgniter->run()
WARNING - 2023-11-17 01:56:26 --> [DEPRECATED] Creation of dynamic property App\Controllers\Home::$DataTables is deprecated in APPPATH\Controllers\Home.php on line 11.
 1 SYSTEMPATH\CodeIgniter.php(904): App\Controllers\Home->__construct()
 2 SYSTEMPATH\CodeIgniter.php(488): CodeIgniter\CodeIgniter->createController()
 3 SYSTEMPATH\CodeIgniter.php(366): CodeIgniter\CodeIgniter->handleRequest(null, Object(Config\Cache), false)
 4 FCPATH\index.php(67): CodeIgniter\CodeIgniter->run()
INFO - 2023-11-17 01:56:26 --> Session: Class initialized using 'CodeIgniter\Session\Handlers\FileHandler' driver.
WARNING - 2023-11-17 01:56:29 --> [DEPRECATED] Creation of dynamic property App\Libraries\DataTables::$db is deprecated in APPPATH\Libraries\DataTables.php on line 9.
 1 APPPATH\Controllers\Home.php(11): App\Libraries\DataTables->__construct()
 2 SYSTEMPATH\CodeIgniter.php(904): App\Controllers\Home->__construct()
 3 SYSTEMPATH\CodeIgniter.php(488): CodeIgniter\CodeIgniter->createController()
 4 SYSTEMPATH\CodeIgniter.php(366): CodeIgniter\CodeIgniter->handleRequest(null, Object(Config\Cache), false)
 5 FCPATH\index.php(67): CodeIgniter\CodeIgniter->run()
WARNING - 2023-11-17 01:56:29 --> [DEPRECATED] Creation of dynamic property App\Controllers\Home::$DataTables is deprecated in APPPATH\Controllers\Home.php on line 11.
 1 SYSTEMPATH\CodeIgniter.php(904): App\Controllers\Home->__construct()
 2 SYSTEMPATH\CodeIgniter.php(488): CodeIgniter\CodeIgniter->createController()
 3 SYSTEMPATH\CodeIgniter.php(366): CodeIgniter\CodeIgniter->handleRequest(null, Object(Config\Cache), false)
 4 FCPATH\index.php(67): CodeIgniter\CodeIgniter->run()
WARNING - 2023-11-17 01:56:31 --> [DEPRECATED] Creation of dynamic property App\Libraries\DataTables::$db is deprecated in APPPATH\Libraries\DataTables.php on line 9.
 1 APPPATH\Controllers\Home.php(11): App\Libraries\DataTables->__construct()
 2 SYSTEMPATH\CodeIgniter.php(904): App\Controllers\Home->__construct()
 3 SYSTEMPATH\CodeIgniter.php(488): CodeIgniter\CodeIgniter->createController()
 4 SYSTEMPATH\CodeIgniter.php(366): CodeIgniter\CodeIgniter->handleRequest(null, Object(Config\Cache), false)
 5 FCPATH\index.php(67): CodeIgniter\CodeIgniter->run()
WARNING - 2023-11-17 01:56:31 --> [DEPRECATED] Creation of dynamic property App\Controllers\Home::$DataTables is deprecated in APPPATH\Controllers\Home.php on line 11.
 1 SYSTEMPATH\CodeIgniter.php(904): App\Controllers\Home->__construct()
 2 SYSTEMPATH\CodeIgniter.php(488): CodeIgniter\CodeIgniter->createController()
 3 SYSTEMPATH\CodeIgniter.php(366): CodeIgniter\CodeIgniter->handleRequest(null, Object(Config\Cache), false)
 4 FCPATH\index.php(67): CodeIgniter\CodeIgniter->run()
WARNING - 2023-11-17 01:56:32 --> [DEPRECATED] Creation of dynamic property App\Libraries\DataTables::$db is deprecated in APPPATH\Libraries\DataTables.php on line 9.
 1 APPPATH\Controllers\Home.php(11): App\Libraries\DataTables->__construct()
 2 SYSTEMPATH\CodeIgniter.php(904): App\Controllers\Home->__construct()
 3 SYSTEMPATH\CodeIgniter.php(488): CodeIgniter\CodeIgniter->createController()
 4 SYSTEMPATH\CodeIgniter.php(366): CodeIgniter\CodeIgniter->handleRequest(null, Object(Config\Cache), false)
 5 FCPATH\index.php(67): CodeIgniter\CodeIgniter->run()
WARNING - 2023-11-17 01:56:32 --> [DEPRECATED] Creation of dynamic property App\Controllers\Home::$DataTables is deprecated in APPPATH\Controllers\Home.php on line 11.
 1 SYSTEMPATH\CodeIgniter.php(904): App\Controllers\Home->__construct()
 2 SYSTEMPATH\CodeIgniter.php(488): CodeIgniter\CodeIgniter->createController()
 3 SYSTEMPATH\CodeIgniter.php(366): CodeIgniter\CodeIgniter->handleRequest(null, Object(Config\Cache), false)
 4 FCPATH\index.php(67): CodeIgniter\CodeIgniter->run()
WARNING - 2023-11-17 01:56:33 --> [DEPRECATED] Creation of dynamic property App\Libraries\DataTables::$db is deprecated in APPPATH\Libraries\DataTables.php on line 9.
 1 APPPATH\Controllers\Home.php(11): App\Libraries\DataTables->__construct()
 2 SYSTEMPATH\CodeIgniter.php(904): App\Controllers\Home->__construct()
 3 SYSTEMPATH\CodeIgniter.php(488): CodeIgniter\CodeIgniter->createController()
 4 SYSTEMPATH\CodeIgniter.php(366): CodeIgniter\CodeIgniter->handleRequest(null, Object(Config\Cache), false)
 5 FCPATH\index.php(67): CodeIgniter\CodeIgniter->run()
WARNING - 2023-11-17 01:56:33 --> [DEPRECATED] Creation of dynamic property App\Controllers\Home::$DataTables is deprecated in APPPATH\Controllers\Home.php on line 11.
 1 SYSTEMPATH\CodeIgniter.php(904): App\Controllers\Home->__construct()
 2 SYSTEMPATH\CodeIgniter.php(488): CodeIgniter\CodeIgniter->createController()
 3 SYSTEMPATH\CodeIgniter.php(366): CodeIgniter\CodeIgniter->handleRequest(null, Object(Config\Cache), false)
 4 FCPATH\index.php(67): CodeIgniter\CodeIgniter->run()
WARNING - 2023-11-17 01:56:38 --> [DEPRECATED] Creation of dynamic property App\Libraries\DataTables::$db is deprecated in APPPATH\Libraries\DataTables.php on line 9.
 1 APPPATH\Controllers\Home.php(11): App\Libraries\DataTables->__construct()
 2 SYSTEMPATH\CodeIgniter.php(904): App\Controllers\Home->__construct()
 3 SYSTEMPATH\CodeIgniter.php(488): CodeIgniter\CodeIgniter->createController()
 4 SYSTEMPATH\CodeIgniter.php(366): CodeIgniter\CodeIgniter->handleRequest(null, Object(Config\Cache), false)
 5 FCPATH\index.php(67): CodeIgniter\CodeIgniter->run()
WARNING - 2023-11-17 01:56:38 --> [DEPRECATED] Creation of dynamic property App\Controllers\Home::$DataTables is deprecated in APPPATH\Controllers\Home.php on line 11.
 1 SYSTEMPATH\CodeIgniter.php(904): App\Controllers\Home->__construct()
 2 SYSTEMPATH\CodeIgniter.php(488): CodeIgniter\CodeIgniter->createController()
 3 SYSTEMPATH\CodeIgniter.php(366): CodeIgniter\CodeIgniter->handleRequest(null, Object(Config\Cache), false)
 4 FCPATH\index.php(67): CodeIgniter\CodeIgniter->run()
WARNING - 2023-11-17 01:56:39 --> [DEPRECATED] Creation of dynamic property App\Libraries\DataTables::$db is deprecated in APPPATH\Libraries\DataTables.php on line 9.
 1 APPPATH\Controllers\Home.php(11): App\Libraries\DataTables->__construct()
 2 SYSTEMPATH\CodeIgniter.php(904): App\Controllers\Home->__construct()
 3 SYSTEMPATH\CodeIgniter.php(488): CodeIgniter\CodeIgniter->createController()
 4 SYSTEMPATH\CodeIgniter.php(366): CodeIgniter\CodeIgniter->handleRequest(null, Object(Config\Cache), false)
 5 FCPATH\index.php(67): CodeIgniter\CodeIgniter->run()
WARNING - 2023-11-17 01:56:39 --> [DEPRECATED] Creation of dynamic property App\Controllers\Home::$DataTables is deprecated in APPPATH\Controllers\Home.php on line 11.
 1 SYSTEMPATH\CodeIgniter.php(904): App\Controllers\Home->__construct()
 2 SYSTEMPATH\CodeIgniter.php(488): CodeIgniter\CodeIgniter->createController()
 3 SYSTEMPATH\CodeIgniter.php(366): CodeIgniter\CodeIgniter->handleRequest(null, Object(Config\Cache), false)
 4 FCPATH\index.php(67): CodeIgniter\CodeIgniter->run()
WARNING - 2023-11-17 01:56:40 --> [DEPRECATED] Creation of dynamic property App\Libraries\DataTables::$db is deprecated in APPPATH\Libraries\DataTables.php on line 9.
 1 APPPATH\Controllers\Home.php(11): App\Libraries\DataTables->__construct()
 2 SYSTEMPATH\CodeIgniter.php(904): App\Controllers\Home->__construct()
 3 SYSTEMPATH\CodeIgniter.php(488): CodeIgniter\CodeIgniter->createController()
 4 SYSTEMPATH\CodeIgniter.php(366): CodeIgniter\CodeIgniter->handleRequest(null, Object(Config\Cache), false)
 5 FCPATH\index.php(67): CodeIgniter\CodeIgniter->run()
WARNING - 2023-11-17 01:56:40 --> [DEPRECATED] Creation of dynamic property App\Controllers\Home::$DataTables is deprecated in APPPATH\Controllers\Home.php on line 11.
 1 SYSTEMPATH\CodeIgniter.php(904): App\Controllers\Home->__construct()
 2 SYSTEMPATH\CodeIgniter.php(488): CodeIgniter\CodeIgniter->createController()
 3 SYSTEMPATH\CodeIgniter.php(366): CodeIgniter\CodeIgniter->handleRequest(null, Object(Config\Cache), false)
 4 FCPATH\index.php(67): CodeIgniter\CodeIgniter->run()
WARNING - 2023-11-17 01:57:50 --> [DEPRECATED] Creation of dynamic property App\Libraries\DataTables::$db is deprecated in APPPATH\Libraries\DataTables.php on line 9.
 1 APPPATH\Controllers\Home.php(11): App\Libraries\DataTables->__construct()
 2 SYSTEMPATH\CodeIgniter.php(904): App\Controllers\Home->__construct()
 3 SYSTEMPATH\CodeIgniter.php(488): CodeIgniter\CodeIgniter->createController()
 4 SYSTEMPATH\CodeIgniter.php(366): CodeIgniter\CodeIgniter->handleRequest(null, Object(Config\Cache), false)
 5 FCPATH\index.php(67): CodeIgniter\CodeIgniter->run()
WARNING - 2023-11-17 01:57:50 --> [DEPRECATED] Creation of dynamic property App\Controllers\Home::$DataTables is deprecated in APPPATH\Controllers\Home.php on line 11.
 1 SYSTEMPATH\CodeIgniter.php(904): App\Controllers\Home->__construct()
 2 SYSTEMPATH\CodeIgniter.php(488): CodeIgniter\CodeIgniter->createController()
 3 SYSTEMPATH\CodeIgniter.php(366): CodeIgniter\CodeIgniter->handleRequest(null, Object(Config\Cache), false)
 4 FCPATH\index.php(67): CodeIgniter\CodeIgniter->run()
WARNING - 2023-11-17 01:57:52 --> [DEPRECATED] Creation of dynamic property App\Libraries\DataTables::$db is deprecated in APPPATH\Libraries\DataTables.php on line 9.
 1 APPPATH\Controllers\Home.php(11): App\Libraries\DataTables->__construct()
 2 SYSTEMPATH\CodeIgniter.php(904): App\Controllers\Home->__construct()
 3 SYSTEMPATH\CodeIgniter.php(488): CodeIgniter\CodeIgniter->createController()
 4 SYSTEMPATH\CodeIgniter.php(366): CodeIgniter\CodeIgniter->handleRequest(null, Object(Config\Cache), false)
 5 FCPATH\index.php(67): CodeIgniter\CodeIgniter->run()
WARNING - 2023-11-17 01:57:52 --> [DEPRECATED] Creation of dynamic property App\Controllers\Home::$DataTables is deprecated in APPPATH\Controllers\Home.php on line 11.
 1 SYSTEMPATH\CodeIgniter.php(904): App\Controllers\Home->__construct()
 2 SYSTEMPATH\CodeIgniter.php(488): CodeIgniter\CodeIgniter->createController()
 3 SYSTEMPATH\CodeIgniter.php(366): CodeIgniter\CodeIgniter->handleRequest(null, Object(Config\Cache), false)
 4 FCPATH\index.php(67): CodeIgniter\CodeIgniter->run()
WARNING - 2023-11-17 01:57:53 --> [DEPRECATED] Creation of dynamic property App\Libraries\DataTables::$db is deprecated in APPPATH\Libraries\DataTables.php on line 9.
 1 APPPATH\Controllers\Home.php(11): App\Libraries\DataTables->__construct()
 2 SYSTEMPATH\CodeIgniter.php(904): App\Controllers\Home->__construct()
 3 SYSTEMPATH\CodeIgniter.php(488): CodeIgniter\CodeIgniter->createController()
 4 SYSTEMPATH\CodeIgniter.php(366): CodeIgniter\CodeIgniter->handleRequest(null, Object(Config\Cache), false)
 5 FCPATH\index.php(67): CodeIgniter\CodeIgniter->run()
WARNING - 2023-11-17 01:57:53 --> [DEPRECATED] Creation of dynamic property App\Controllers\Home::$DataTables is deprecated in APPPATH\Controllers\Home.php on line 11.
 1 SYSTEMPATH\CodeIgniter.php(904): App\Controllers\Home->__construct()
 2 SYSTEMPATH\CodeIgniter.php(488): CodeIgniter\CodeIgniter->createController()
 3 SYSTEMPATH\CodeIgniter.php(366): CodeIgniter\CodeIgniter->handleRequest(null, Object(Config\Cache), false)
 4 FCPATH\index.php(67): CodeIgniter\CodeIgniter->run()
WARNING - 2023-11-17 01:57:54 --> [DEPRECATED] Creation of dynamic property App\Libraries\DataTables::$db is deprecated in APPPATH\Libraries\DataTables.php on line 9.
 1 APPPATH\Controllers\Home.php(11): App\Libraries\DataTables->__construct()
 2 SYSTEMPATH\CodeIgniter.php(904): App\Controllers\Home->__construct()
 3 SYSTEMPATH\CodeIgniter.php(488): CodeIgniter\CodeIgniter->createController()
 4 SYSTEMPATH\CodeIgniter.php(366): CodeIgniter\CodeIgniter->handleRequest(null, Object(Config\Cache), false)
 5 FCPATH\index.php(67): CodeIgniter\CodeIgniter->run()
WARNING - 2023-11-17 01:57:54 --> [DEPRECATED] Creation of dynamic property App\Controllers\Home::$DataTables is deprecated in APPPATH\Controllers\Home.php on line 11.
 1 SYSTEMPATH\CodeIgniter.php(904): App\Controllers\Home->__construct()
 2 SYSTEMPATH\CodeIgniter.php(488): CodeIgniter\CodeIgniter->createController()
 3 SYSTEMPATH\CodeIgniter.php(366): CodeIgniter\CodeIgniter->handleRequest(null, Object(Config\Cache), false)
 4 FCPATH\index.php(67): CodeIgniter\CodeIgniter->run()
WARNING - 2023-11-17 01:57:55 --> [DEPRECATED] Creation of dynamic property App\Libraries\DataTables::$db is deprecated in APPPATH\Libraries\DataTables.php on line 9.
 1 APPPATH\Controllers\Home.php(11): App\Libraries\DataTables->__construct()
 2 SYSTEMPATH\CodeIgniter.php(904): App\Controllers\Home->__construct()
 3 SYSTEMPATH\CodeIgniter.php(488): CodeIgniter\CodeIgniter->createController()
 4 SYSTEMPATH\CodeIgniter.php(366): CodeIgniter\CodeIgniter->handleRequest(null, Object(Config\Cache), false)
 5 FCPATH\index.php(67): CodeIgniter\CodeIgniter->run()
WARNING - 2023-11-17 01:57:55 --> [DEPRECATED] Creation of dynamic property App\Controllers\Home::$DataTables is deprecated in APPPATH\Controllers\Home.php on line 11.
 1 SYSTEMPATH\CodeIgniter.php(904): App\Controllers\Home->__construct()
 2 SYSTEMPATH\CodeIgniter.php(488): CodeIgniter\CodeIgniter->createController()
 3 SYSTEMPATH\CodeIgniter.php(366): CodeIgniter\CodeIgniter->handleRequest(null, Object(Config\Cache), false)
 4 FCPATH\index.php(67): CodeIgniter\CodeIgniter->run()
WARNING - 2023-11-17 01:57:57 --> [DEPRECATED] Creation of dynamic property App\Libraries\DataTables::$db is deprecated in APPPATH\Libraries\DataTables.php on line 9.
 1 APPPATH\Controllers\Home.php(11): App\Libraries\DataTables->__construct()
 2 SYSTEMPATH\CodeIgniter.php(904): App\Controllers\Home->__construct()
 3 SYSTEMPATH\CodeIgniter.php(488): CodeIgniter\CodeIgniter->createController()
 4 SYSTEMPATH\CodeIgniter.php(366): CodeIgniter\CodeIgniter->handleRequest(null, Object(Config\Cache), false)
 5 FCPATH\index.php(67): CodeIgniter\CodeIgniter->run()
WARNING - 2023-11-17 01:57:57 --> [DEPRECATED] Creation of dynamic property App\Controllers\Home::$DataTables is deprecated in APPPATH\Controllers\Home.php on line 11.
 1 SYSTEMPATH\CodeIgniter.php(904): App\Controllers\Home->__construct()
 2 SYSTEMPATH\CodeIgniter.php(488): CodeIgniter\CodeIgniter->createController()
 3 SYSTEMPATH\CodeIgniter.php(366): CodeIgniter\CodeIgniter->handleRequest(null, Object(Config\Cache), false)
 4 FCPATH\index.php(67): CodeIgniter\CodeIgniter->run()
WARNING - 2023-11-17 01:57:58 --> [DEPRECATED] Creation of dynamic property App\Libraries\DataTables::$db is deprecated in APPPATH\Libraries\DataTables.php on line 9.
 1 APPPATH\Controllers\Home.php(11): App\Libraries\DataTables->__construct()
 2 SYSTEMPATH\CodeIgniter.php(904): App\Controllers\Home->__construct()
 3 SYSTEMPATH\CodeIgniter.php(488): CodeIgniter\CodeIgniter->createController()
 4 SYSTEMPATH\CodeIgniter.php(366): CodeIgniter\CodeIgniter->handleRequest(null, Object(Config\Cache), false)
 5 FCPATH\index.php(67): CodeIgniter\CodeIgniter->run()
WARNING - 2023-11-17 01:57:58 --> [DEPRECATED] Creation of dynamic property App\Controllers\Home::$DataTables is deprecated in APPPATH\Controllers\Home.php on line 11.
 1 SYSTEMPATH\CodeIgniter.php(904): App\Controllers\Home->__construct()
 2 SYSTEMPATH\CodeIgniter.php(488): CodeIgniter\CodeIgniter->createController()
 3 SYSTEMPATH\CodeIgniter.php(366): CodeIgniter\CodeIgniter->handleRequest(null, Object(Config\Cache), false)
 4 FCPATH\index.php(67): CodeIgniter\CodeIgniter->run()
WARNING - 2023-11-17 01:57:59 --> [DEPRECATED] Creation of dynamic property App\Libraries\DataTables::$db is deprecated in APPPATH\Libraries\DataTables.php on line 9.
 1 APPPATH\Controllers\Home.php(11): App\Libraries\DataTables->__construct()
 2 SYSTEMPATH\CodeIgniter.php(904): App\Controllers\Home->__construct()
 3 SYSTEMPATH\CodeIgniter.php(488): CodeIgniter\CodeIgniter->createController()
 4 SYSTEMPATH\CodeIgniter.php(366): CodeIgniter\CodeIgniter->handleRequest(null, Object(Config\Cache), false)
 5 FCPATH\index.php(67): CodeIgniter\CodeIgniter->run()
WARNING - 2023-11-17 01:57:59 --> [DEPRECATED] Creation of dynamic property App\Controllers\Home::$DataTables is deprecated in APPPATH\Controllers\Home.php on line 11.
 1 SYSTEMPATH\CodeIgniter.php(904): App\Controllers\Home->__construct()
 2 SYSTEMPATH\CodeIgniter.php(488): CodeIgniter\CodeIgniter->createController()
 3 SYSTEMPATH\CodeIgniter.php(366): CodeIgniter\CodeIgniter->handleRequest(null, Object(Config\Cache), false)
 4 FCPATH\index.php(67): CodeIgniter\CodeIgniter->run()
WARNING - 2023-11-17 01:58:01 --> [DEPRECATED] Creation of dynamic property App\Libraries\DataTables::$db is deprecated in APPPATH\Libraries\DataTables.php on line 9.
 1 APPPATH\Controllers\Home.php(11): App\Libraries\DataTables->__construct()
 2 SYSTEMPATH\CodeIgniter.php(904): App\Controllers\Home->__construct()
 3 SYSTEMPATH\CodeIgniter.php(488): CodeIgniter\CodeIgniter->createController()
 4 SYSTEMPATH\CodeIgniter.php(366): CodeIgniter\CodeIgniter->handleRequest(null, Object(Config\Cache), false)
 5 FCPATH\index.php(67): CodeIgniter\CodeIgniter->run()
WARNING - 2023-11-17 01:58:01 --> [DEPRECATED] Creation of dynamic property App\Controllers\Home::$DataTables is deprecated in APPPATH\Controllers\Home.php on line 11.
 1 SYSTEMPATH\CodeIgniter.php(904): App\Controllers\Home->__construct()
 2 SYSTEMPATH\CodeIgniter.php(488): CodeIgniter\CodeIgniter->createController()
 3 SYSTEMPATH\CodeIgniter.php(366): CodeIgniter\CodeIgniter->handleRequest(null, Object(Config\Cache), false)
 4 FCPATH\index.php(67): CodeIgniter\CodeIgniter->run()
WARNING - 2023-11-17 01:58:05 --> [DEPRECATED] Creation of dynamic property App\Libraries\DataTables::$db is deprecated in APPPATH\Libraries\DataTables.php on line 9.
 1 APPPATH\Controllers\Home.php(11): App\Libraries\DataTables->__construct()
 2 SYSTEMPATH\CodeIgniter.php(904): App\Controllers\Home->__construct()
 3 SYSTEMPATH\CodeIgniter.php(488): CodeIgniter\CodeIgniter->createController()
 4 SYSTEMPATH\CodeIgniter.php(366): CodeIgniter\CodeIgniter->handleRequest(null, Object(Config\Cache), false)
 5 FCPATH\index.php(67): CodeIgniter\CodeIgniter->run()
WARNING - 2023-11-17 01:58:05 --> [DEPRECATED] Creation of dynamic property App\Controllers\Home::$DataTables is deprecated in APPPATH\Controllers\Home.php on line 11.
 1 SYSTEMPATH\CodeIgniter.php(904): App\Controllers\Home->__construct()
 2 SYSTEMPATH\CodeIgniter.php(488): CodeIgniter\CodeIgniter->createController()
 3 SYSTEMPATH\CodeIgniter.php(366): CodeIgniter\CodeIgniter->handleRequest(null, Object(Config\Cache), false)
 4 FCPATH\index.php(67): CodeIgniter\CodeIgniter->run()
WARNING - 2023-11-17 01:58:28 --> [DEPRECATED] Creation of dynamic property App\Libraries\DataTables::$db is deprecated in APPPATH\Libraries\DataTables.php on line 9.
 1 APPPATH\Controllers\Home.php(11): App\Libraries\DataTables->__construct()
 2 SYSTEMPATH\CodeIgniter.php(904): App\Controllers\Home->__construct()
 3 SYSTEMPATH\CodeIgniter.php(488): CodeIgniter\CodeIgniter->createController()
 4 SYSTEMPATH\CodeIgniter.php(366): CodeIgniter\CodeIgniter->handleRequest(null, Object(Config\Cache), false)
 5 FCPATH\index.php(67): CodeIgniter\CodeIgniter->run()
WARNING - 2023-11-17 01:58:28 --> [DEPRECATED] Creation of dynamic property App\Controllers\Home::$DataTables is deprecated in APPPATH\Controllers\Home.php on line 11.
 1 SYSTEMPATH\CodeIgniter.php(904): App\Controllers\Home->__construct()
 2 SYSTEMPATH\CodeIgniter.php(488): CodeIgniter\CodeIgniter->createController()
 3 SYSTEMPATH\CodeIgniter.php(366): CodeIgniter\CodeIgniter->handleRequest(null, Object(Config\Cache), false)
 4 FCPATH\index.php(67): CodeIgniter\CodeIgniter->run()
WARNING - 2023-11-17 01:58:29 --> [DEPRECATED] Creation of dynamic property App\Libraries\DataTables::$db is deprecated in APPPATH\Libraries\DataTables.php on line 9.
 1 APPPATH\Controllers\Home.php(11): App\Libraries\DataTables->__construct()
 2 SYSTEMPATH\CodeIgniter.php(904): App\Controllers\Home->__construct()
 3 SYSTEMPATH\CodeIgniter.php(488): CodeIgniter\CodeIgniter->createController()
 4 SYSTEMPATH\CodeIgniter.php(366): CodeIgniter\CodeIgniter->handleRequest(null, Object(Config\Cache), false)
 5 FCPATH\index.php(67): CodeIgniter\CodeIgniter->run()
WARNING - 2023-11-17 01:58:29 --> [DEPRECATED] Creation of dynamic property App\Controllers\Home::$DataTables is deprecated in APPPATH\Controllers\Home.php on line 11.
 1 SYSTEMPATH\CodeIgniter.php(904): App\Controllers\Home->__construct()
 2 SYSTEMPATH\CodeIgniter.php(488): CodeIgniter\CodeIgniter->createController()
 3 SYSTEMPATH\CodeIgniter.php(366): CodeIgniter\CodeIgniter->handleRequest(null, Object(Config\Cache), false)
 4 FCPATH\index.php(67): CodeIgniter\CodeIgniter->run()
WARNING - 2023-11-17 01:58:31 --> [DEPRECATED] Creation of dynamic property App\Libraries\DataTables::$db is deprecated in APPPATH\Libraries\DataTables.php on line 9.
 1 APPPATH\Controllers\Home.php(11): App\Libraries\DataTables->__construct()
 2 SYSTEMPATH\CodeIgniter.php(904): App\Controllers\Home->__construct()
 3 SYSTEMPATH\CodeIgniter.php(488): CodeIgniter\CodeIgniter->createController()
 4 SYSTEMPATH\CodeIgniter.php(366): CodeIgniter\CodeIgniter->handleRequest(null, Object(Config\Cache), false)
 5 FCPATH\index.php(67): CodeIgniter\CodeIgniter->run()
WARNING - 2023-11-17 01:58:31 --> [DEPRECATED] Creation of dynamic property App\Controllers\Home::$DataTables is deprecated in APPPATH\Controllers\Home.php on line 11.
 1 SYSTEMPATH\CodeIgniter.php(904): App\Controllers\Home->__construct()
 2 SYSTEMPATH\CodeIgniter.php(488): CodeIgniter\CodeIgniter->createController()
 3 SYSTEMPATH\CodeIgniter.php(366): CodeIgniter\CodeIgniter->handleRequest(null, Object(Config\Cache), false)
 4 FCPATH\index.php(67): CodeIgniter\CodeIgniter->run()
WARNING - 2023-11-17 02:05:04 --> [DEPRECATED] Creation of dynamic property App\Libraries\DataTables::$db is deprecated in APPPATH\Libraries\DataTables.php on line 9.
 1 APPPATH\Controllers\Home.php(11): App\Libraries\DataTables->__construct()
 2 SYSTEMPATH\CodeIgniter.php(904): App\Controllers\Home->__construct()
 3 SYSTEMPATH\CodeIgniter.php(488): CodeIgniter\CodeIgniter->createController()
 4 SYSTEMPATH\CodeIgniter.php(366): CodeIgniter\CodeIgniter->handleRequest(null, Object(Config\Cache), false)
 5 FCPATH\index.php(67): CodeIgniter\CodeIgniter->run()
WARNING - 2023-11-17 02:05:04 --> [DEPRECATED] Creation of dynamic property App\Controllers\Home::$DataTables is deprecated in APPPATH\Controllers\Home.php on line 11.
 1 SYSTEMPATH\CodeIgniter.php(904): App\Controllers\Home->__construct()
 2 SYSTEMPATH\CodeIgniter.php(488): CodeIgniter\CodeIgniter->createController()
 3 SYSTEMPATH\CodeIgniter.php(366): CodeIgniter\CodeIgniter->handleRequest(null, Object(Config\Cache), false)
 4 FCPATH\index.php(67): CodeIgniter\CodeIgniter->run()
INFO - 2023-11-17 02:05:04 --> Session: Class initialized using 'CodeIgniter\Session\Handlers\FileHandler' driver.
WARNING - 2023-11-17 02:05:05 --> [DEPRECATED] Creation of dynamic property App\Libraries\DataTables::$db is deprecated in APPPATH\Libraries\DataTables.php on line 9.
 1 APPPATH\Controllers\Home.php(11): App\Libraries\DataTables->__construct()
 2 SYSTEMPATH\CodeIgniter.php(904): App\Controllers\Home->__construct()
 3 SYSTEMPATH\CodeIgniter.php(488): CodeIgniter\CodeIgniter->createController()
 4 SYSTEMPATH\CodeIgniter.php(366): CodeIgniter\CodeIgniter->handleRequest(null, Object(Config\Cache), false)
 5 FCPATH\index.php(67): CodeIgniter\CodeIgniter->run()
WARNING - 2023-11-17 02:05:05 --> [DEPRECATED] Creation of dynamic property App\Controllers\Home::$DataTables is deprecated in APPPATH\Controllers\Home.php on line 11.
 1 SYSTEMPATH\CodeIgniter.php(904): App\Controllers\Home->__construct()
 2 SYSTEMPATH\CodeIgniter.php(488): CodeIgniter\CodeIgniter->createController()
 3 SYSTEMPATH\CodeIgniter.php(366): CodeIgniter\CodeIgniter->handleRequest(null, Object(Config\Cache), false)
 4 FCPATH\index.php(67): CodeIgniter\CodeIgniter->run()
WARNING - 2023-11-17 02:05:12 --> [DEPRECATED] Creation of dynamic property App\Libraries\DataTables::$db is deprecated in APPPATH\Libraries\DataTables.php on line 9.
 1 APPPATH\Controllers\Home.php(11): App\Libraries\DataTables->__construct()
 2 SYSTEMPATH\CodeIgniter.php(904): App\Controllers\Home->__construct()
 3 SYSTEMPATH\CodeIgniter.php(488): CodeIgniter\CodeIgniter->createController()
 4 SYSTEMPATH\CodeIgniter.php(366): CodeIgniter\CodeIgniter->handleRequest(null, Object(Config\Cache), false)
 5 FCPATH\index.php(67): CodeIgniter\CodeIgniter->run()
WARNING - 2023-11-17 02:05:12 --> [DEPRECATED] Creation of dynamic property App\Controllers\Home::$DataTables is deprecated in APPPATH\Controllers\Home.php on line 11.
 1 SYSTEMPATH\CodeIgniter.php(904): App\Controllers\Home->__construct()
 2 SYSTEMPATH\CodeIgniter.php(488): CodeIgniter\CodeIgniter->createController()
 3 SYSTEMPATH\CodeIgniter.php(366): CodeIgniter\CodeIgniter->handleRequest(null, Object(Config\Cache), false)
 4 FCPATH\index.php(67): CodeIgniter\CodeIgniter->run()
INFO - 2023-11-17 02:05:12 --> Session: Class initialized using 'CodeIgniter\Session\Handlers\FileHandler' driver.
WARNING - 2023-11-17 02:05:13 --> [DEPRECATED] Creation of dynamic property App\Libraries\DataTables::$db is deprecated in APPPATH\Libraries\DataTables.php on line 9.
 1 APPPATH\Controllers\Home.php(11): App\Libraries\DataTables->__construct()
 2 SYSTEMPATH\CodeIgniter.php(904): App\Controllers\Home->__construct()
 3 SYSTEMPATH\CodeIgniter.php(488): CodeIgniter\CodeIgniter->createController()
 4 SYSTEMPATH\CodeIgniter.php(366): CodeIgniter\CodeIgniter->handleRequest(null, Object(Config\Cache), false)
 5 FCPATH\index.php(67): CodeIgniter\CodeIgniter->run()
WARNING - 2023-11-17 02:05:13 --> [DEPRECATED] Creation of dynamic property App\Controllers\Home::$DataTables is deprecated in APPPATH\Controllers\Home.php on line 11.
 1 SYSTEMPATH\CodeIgniter.php(904): App\Controllers\Home->__construct()
 2 SYSTEMPATH\CodeIgniter.php(488): CodeIgniter\CodeIgniter->createController()
 3 SYSTEMPATH\CodeIgniter.php(366): CodeIgniter\CodeIgniter->handleRequest(null, Object(Config\Cache), false)
 4 FCPATH\index.php(67): CodeIgniter\CodeIgniter->run()
WARNING - 2023-11-17 02:06:40 --> [DEPRECATED] Creation of dynamic property App\Libraries\DataTables::$db is deprecated in APPPATH\Libraries\DataTables.php on line 9.
 1 APPPATH\Controllers\Home.php(11): App\Libraries\DataTables->__construct()
 2 SYSTEMPATH\CodeIgniter.php(904): App\Controllers\Home->__construct()
 3 SYSTEMPATH\CodeIgniter.php(488): CodeIgniter\CodeIgniter->createController()
 4 SYSTEMPATH\CodeIgniter.php(366): CodeIgniter\CodeIgniter->handleRequest(null, Object(Config\Cache), false)
 5 FCPATH\index.php(67): CodeIgniter\CodeIgniter->run()
WARNING - 2023-11-17 02:06:40 --> [DEPRECATED] Creation of dynamic property App\Controllers\Home::$DataTables is deprecated in APPPATH\Controllers\Home.php on line 11.
 1 SYSTEMPATH\CodeIgniter.php(904): App\Controllers\Home->__construct()
 2 SYSTEMPATH\CodeIgniter.php(488): CodeIgniter\CodeIgniter->createController()
 3 SYSTEMPATH\CodeIgniter.php(366): CodeIgniter\CodeIgniter->handleRequest(null, Object(Config\Cache), false)
 4 FCPATH\index.php(67): CodeIgniter\CodeIgniter->run()
INFO - 2023-11-17 02:06:40 --> Session: Class initialized using 'CodeIgniter\Session\Handlers\FileHandler' driver.
WARNING - 2023-11-17 02:06:41 --> [DEPRECATED] Creation of dynamic property App\Libraries\DataTables::$db is deprecated in APPPATH\Libraries\DataTables.php on line 9.
 1 APPPATH\Controllers\Home.php(11): App\Libraries\DataTables->__construct()
 2 SYSTEMPATH\CodeIgniter.php(904): App\Controllers\Home->__construct()
 3 SYSTEMPATH\CodeIgniter.php(488): CodeIgniter\CodeIgniter->createController()
 4 SYSTEMPATH\CodeIgniter.php(366): CodeIgniter\CodeIgniter->handleRequest(null, Object(Config\Cache), false)
 5 FCPATH\index.php(67): CodeIgniter\CodeIgniter->run()
WARNING - 2023-11-17 02:06:41 --> [DEPRECATED] Creation of dynamic property App\Controllers\Home::$DataTables is deprecated in APPPATH\Controllers\Home.php on line 11.
 1 SYSTEMPATH\CodeIgniter.php(904): App\Controllers\Home->__construct()
 2 SYSTEMPATH\CodeIgniter.php(488): CodeIgniter\CodeIgniter->createController()
 3 SYSTEMPATH\CodeIgniter.php(366): CodeIgniter\CodeIgniter->handleRequest(null, Object(Config\Cache), false)
 4 FCPATH\index.php(67): CodeIgniter\CodeIgniter->run()
WARNING - 2023-11-17 02:07:10 --> [DEPRECATED] Creation of dynamic property App\Libraries\DataTables::$db is deprecated in APPPATH\Libraries\DataTables.php on line 9.
 1 APPPATH\Controllers\Home.php(11): App\Libraries\DataTables->__construct()
 2 SYSTEMPATH\CodeIgniter.php(904): App\Controllers\Home->__construct()
 3 SYSTEMPATH\CodeIgniter.php(488): CodeIgniter\CodeIgniter->createController()
 4 SYSTEMPATH\CodeIgniter.php(366): CodeIgniter\CodeIgniter->handleRequest(null, Object(Config\Cache), false)
 5 FCPATH\index.php(67): CodeIgniter\CodeIgniter->run()
WARNING - 2023-11-17 02:07:10 --> [DEPRECATED] Creation of dynamic property App\Controllers\Home::$DataTables is deprecated in APPPATH\Controllers\Home.php on line 11.
 1 SYSTEMPATH\CodeIgniter.php(904): App\Controllers\Home->__construct()
 2 SYSTEMPATH\CodeIgniter.php(488): CodeIgniter\CodeIgniter->createController()
 3 SYSTEMPATH\CodeIgniter.php(366): CodeIgniter\CodeIgniter->handleRequest(null, Object(Config\Cache), false)
 4 FCPATH\index.php(67): CodeIgniter\CodeIgniter->run()
INFO - 2023-11-17 02:07:10 --> Session: Class initialized using 'CodeIgniter\Session\Handlers\FileHandler' driver.
WARNING - 2023-11-17 02:07:11 --> [DEPRECATED] Creation of dynamic property App\Libraries\DataTables::$db is deprecated in APPPATH\Libraries\DataTables.php on line 9.
 1 APPPATH\Controllers\Home.php(11): App\Libraries\DataTables->__construct()
 2 SYSTEMPATH\CodeIgniter.php(904): App\Controllers\Home->__construct()
 3 SYSTEMPATH\CodeIgniter.php(488): CodeIgniter\CodeIgniter->createController()
 4 SYSTEMPATH\CodeIgniter.php(366): CodeIgniter\CodeIgniter->handleRequest(null, Object(Config\Cache), false)
 5 FCPATH\index.php(67): CodeIgniter\CodeIgniter->run()
WARNING - 2023-11-17 02:07:11 --> [DEPRECATED] Creation of dynamic property App\Controllers\Home::$DataTables is deprecated in APPPATH\Controllers\Home.php on line 11.
 1 SYSTEMPATH\CodeIgniter.php(904): App\Controllers\Home->__construct()
 2 SYSTEMPATH\CodeIgniter.php(488): CodeIgniter\CodeIgniter->createController()
 3 SYSTEMPATH\CodeIgniter.php(366): CodeIgniter\CodeIgniter->handleRequest(null, Object(Config\Cache), false)
 4 FCPATH\index.php(67): CodeIgniter\CodeIgniter->run()
WARNING - 2023-11-17 02:14:02 --> [DEPRECATED] Creation of dynamic property App\Libraries\DataTables::$db is deprecated in APPPATH\Libraries\DataTables.php on line 9.
 1 APPPATH\Controllers\Home.php(11): App\Libraries\DataTables->__construct()
 2 SYSTEMPATH\CodeIgniter.php(904): App\Controllers\Home->__construct()
 3 SYSTEMPATH\CodeIgniter.php(488): CodeIgniter\CodeIgniter->createController()
 4 SYSTEMPATH\CodeIgniter.php(366): CodeIgniter\CodeIgniter->handleRequest(null, Object(Config\Cache), false)
 5 FCPATH\index.php(67): CodeIgniter\CodeIgniter->run()
WARNING - 2023-11-17 02:14:02 --> [DEPRECATED] Creation of dynamic property App\Controllers\Home::$DataTables is deprecated in APPPATH\Controllers\Home.php on line 11.
 1 SYSTEMPATH\CodeIgniter.php(904): App\Controllers\Home->__construct()
 2 SYSTEMPATH\CodeIgniter.php(488): CodeIgniter\CodeIgniter->createController()
 3 SYSTEMPATH\CodeIgniter.php(366): CodeIgniter\CodeIgniter->handleRequest(null, Object(Config\Cache), false)
 4 FCPATH\index.php(67): CodeIgniter\CodeIgniter->run()
INFO - 2023-11-17 02:14:02 --> Session: Class initialized using 'CodeIgniter\Session\Handlers\FileHandler' driver.
WARNING - 2023-11-17 02:14:03 --> [DEPRECATED] Creation of dynamic property App\Libraries\DataTables::$db is deprecated in APPPATH\Libraries\DataTables.php on line 9.
 1 APPPATH\Controllers\Home.php(11): App\Libraries\DataTables->__construct()
 2 SYSTEMPATH\CodeIgniter.php(904): App\Controllers\Home->__construct()
 3 SYSTEMPATH\CodeIgniter.php(488): CodeIgniter\CodeIgniter->createController()
 4 SYSTEMPATH\CodeIgniter.php(366): CodeIgniter\CodeIgniter->handleRequest(null, Object(Config\Cache), false)
 5 FCPATH\index.php(67): CodeIgniter\CodeIgniter->run()
WARNING - 2023-11-17 02:14:03 --> [DEPRECATED] Creation of dynamic property App\Controllers\Home::$DataTables is deprecated in APPPATH\Controllers\Home.php on line 11.
 1 SYSTEMPATH\CodeIgniter.php(904): App\Controllers\Home->__construct()
 2 SYSTEMPATH\CodeIgniter.php(488): CodeIgniter\CodeIgniter->createController()
 3 SYSTEMPATH\CodeIgniter.php(366): CodeIgniter\CodeIgniter->handleRequest(null, Object(Config\Cache), false)
 4 FCPATH\index.php(67): CodeIgniter\CodeIgniter->run()
WARNING - 2023-11-17 02:14:18 --> [DEPRECATED] Creation of dynamic property App\Libraries\DataTables::$db is deprecated in APPPATH\Libraries\DataTables.php on line 9.
 1 APPPATH\Controllers\Home.php(11): App\Libraries\DataTables->__construct()
 2 SYSTEMPATH\CodeIgniter.php(904): App\Controllers\Home->__construct()
 3 SYSTEMPATH\CodeIgniter.php(488): CodeIgniter\CodeIgniter->createController()
 4 SYSTEMPATH\CodeIgniter.php(366): CodeIgniter\CodeIgniter->handleRequest(null, Object(Config\Cache), false)
 5 FCPATH\index.php(67): CodeIgniter\CodeIgniter->run()
WARNING - 2023-11-17 02:14:18 --> [DEPRECATED] Creation of dynamic property App\Controllers\Home::$DataTables is deprecated in APPPATH\Controllers\Home.php on line 11.
 1 SYSTEMPATH\CodeIgniter.php(904): App\Controllers\Home->__construct()
 2 SYSTEMPATH\CodeIgniter.php(488): CodeIgniter\CodeIgniter->createController()
 3 SYSTEMPATH\CodeIgniter.php(366): CodeIgniter\CodeIgniter->handleRequest(null, Object(Config\Cache), false)
 4 FCPATH\index.php(67): CodeIgniter\CodeIgniter->run()
INFO - 2023-11-17 02:14:18 --> Session: Class initialized using 'CodeIgniter\Session\Handlers\FileHandler' driver.
WARNING - 2023-11-17 02:14:19 --> [DEPRECATED] Creation of dynamic property App\Libraries\DataTables::$db is deprecated in APPPATH\Libraries\DataTables.php on line 9.
 1 APPPATH\Controllers\Home.php(11): App\Libraries\DataTables->__construct()
 2 SYSTEMPATH\CodeIgniter.php(904): App\Controllers\Home->__construct()
 3 SYSTEMPATH\CodeIgniter.php(488): CodeIgniter\CodeIgniter->createController()
 4 SYSTEMPATH\CodeIgniter.php(366): CodeIgniter\CodeIgniter->handleRequest(null, Object(Config\Cache), false)
 5 FCPATH\index.php(67): CodeIgniter\CodeIgniter->run()
WARNING - 2023-11-17 02:14:19 --> [DEPRECATED] Creation of dynamic property App\Controllers\Home::$DataTables is deprecated in APPPATH\Controllers\Home.php on line 11.
 1 SYSTEMPATH\CodeIgniter.php(904): App\Controllers\Home->__construct()
 2 SYSTEMPATH\CodeIgniter.php(488): CodeIgniter\CodeIgniter->createController()
 3 SYSTEMPATH\CodeIgniter.php(366): CodeIgniter\CodeIgniter->handleRequest(null, Object(Config\Cache), false)
 4 FCPATH\index.php(67): CodeIgniter\CodeIgniter->run()
WARNING - 2023-11-17 02:14:28 --> [DEPRECATED] Creation of dynamic property App\Libraries\DataTables::$db is deprecated in APPPATH\Libraries\DataTables.php on line 9.
 1 APPPATH\Controllers\Home.php(11): App\Libraries\DataTables->__construct()
 2 SYSTEMPATH\CodeIgniter.php(904): App\Controllers\Home->__construct()
 3 SYSTEMPATH\CodeIgniter.php(488): CodeIgniter\CodeIgniter->createController()
 4 SYSTEMPATH\CodeIgniter.php(366): CodeIgniter\CodeIgniter->handleRequest(null, Object(Config\Cache), false)
 5 FCPATH\index.php(67): CodeIgniter\CodeIgniter->run()
WARNING - 2023-11-17 02:14:28 --> [DEPRECATED] Creation of dynamic property App\Controllers\Home::$DataTables is deprecated in APPPATH\Controllers\Home.php on line 11.
 1 SYSTEMPATH\CodeIgniter.php(904): App\Controllers\Home->__construct()
 2 SYSTEMPATH\CodeIgniter.php(488): CodeIgniter\CodeIgniter->createController()
 3 SYSTEMPATH\CodeIgniter.php(366): CodeIgniter\CodeIgniter->handleRequest(null, Object(Config\Cache), false)
 4 FCPATH\index.php(67): CodeIgniter\CodeIgniter->run()
INFO - 2023-11-17 02:14:28 --> Session: Class initialized using 'CodeIgniter\Session\Handlers\FileHandler' driver.
WARNING - 2023-11-17 02:14:28 --> [DEPRECATED] Creation of dynamic property App\Libraries\DataTables::$db is deprecated in APPPATH\Libraries\DataTables.php on line 9.
 1 APPPATH\Controllers\Home.php(11): App\Libraries\DataTables->__construct()
 2 SYSTEMPATH\CodeIgniter.php(904): App\Controllers\Home->__construct()
 3 SYSTEMPATH\CodeIgniter.php(488): CodeIgniter\CodeIgniter->createController()
 4 SYSTEMPATH\CodeIgniter.php(366): CodeIgniter\CodeIgniter->handleRequest(null, Object(Config\Cache), false)
 5 FCPATH\index.php(67): CodeIgniter\CodeIgniter->run()
WARNING - 2023-11-17 02:14:28 --> [DEPRECATED] Creation of dynamic property App\Controllers\Home::$DataTables is deprecated in APPPATH\Controllers\Home.php on line 11.
 1 SYSTEMPATH\CodeIgniter.php(904): App\Controllers\Home->__construct()
 2 SYSTEMPATH\CodeIgniter.php(488): CodeIgniter\CodeIgniter->createController()
 3 SYSTEMPATH\CodeIgniter.php(366): CodeIgniter\CodeIgniter->handleRequest(null, Object(Config\Cache), false)
 4 FCPATH\index.php(67): CodeIgniter\CodeIgniter->run()
WARNING - 2023-11-17 02:15:28 --> [DEPRECATED] Creation of dynamic property App\Libraries\DataTables::$db is deprecated in APPPATH\Libraries\DataTables.php on line 9.
 1 APPPATH\Controllers\Home.php(11): App\Libraries\DataTables->__construct()
 2 SYSTEMPATH\CodeIgniter.php(904): App\Controllers\Home->__construct()
 3 SYSTEMPATH\CodeIgniter.php(488): CodeIgniter\CodeIgniter->createController()
 4 SYSTEMPATH\CodeIgniter.php(366): CodeIgniter\CodeIgniter->handleRequest(null, Object(Config\Cache), false)
 5 FCPATH\index.php(67): CodeIgniter\CodeIgniter->run()
WARNING - 2023-11-17 02:15:28 --> [DEPRECATED] Creation of dynamic property App\Controllers\Home::$DataTables is deprecated in APPPATH\Controllers\Home.php on line 11.
 1 SYSTEMPATH\CodeIgniter.php(904): App\Controllers\Home->__construct()
 2 SYSTEMPATH\CodeIgniter.php(488): CodeIgniter\CodeIgniter->createController()
 3 SYSTEMPATH\CodeIgniter.php(366): CodeIgniter\CodeIgniter->handleRequest(null, Object(Config\Cache), false)
 4 FCPATH\index.php(67): CodeIgniter\CodeIgniter->run()
INFO - 2023-11-17 02:15:28 --> Session: Class initialized using 'CodeIgniter\Session\Handlers\FileHandler' driver.
WARNING - 2023-11-17 02:15:28 --> [DEPRECATED] Creation of dynamic property App\Libraries\DataTables::$db is deprecated in APPPATH\Libraries\DataTables.php on line 9.
 1 APPPATH\Controllers\Home.php(11): App\Libraries\DataTables->__construct()
 2 SYSTEMPATH\CodeIgniter.php(904): App\Controllers\Home->__construct()
 3 SYSTEMPATH\CodeIgniter.php(488): CodeIgniter\CodeIgniter->createController()
 4 SYSTEMPATH\CodeIgniter.php(366): CodeIgniter\CodeIgniter->handleRequest(null, Object(Config\Cache), false)
 5 FCPATH\index.php(67): CodeIgniter\CodeIgniter->run()
WARNING - 2023-11-17 02:15:28 --> [DEPRECATED] Creation of dynamic property App\Controllers\Home::$DataTables is deprecated in APPPATH\Controllers\Home.php on line 11.
 1 SYSTEMPATH\CodeIgniter.php(904): App\Controllers\Home->__construct()
 2 SYSTEMPATH\CodeIgniter.php(488): CodeIgniter\CodeIgniter->createController()
 3 SYSTEMPATH\CodeIgniter.php(366): CodeIgniter\CodeIgniter->handleRequest(null, Object(Config\Cache), false)
 4 FCPATH\index.php(67): CodeIgniter\CodeIgniter->run()
WARNING - 2023-11-17 02:16:34 --> [DEPRECATED] Creation of dynamic property App\Libraries\DataTables::$db is deprecated in APPPATH\Libraries\DataTables.php on line 9.
 1 APPPATH\Controllers\Home.php(11): App\Libraries\DataTables->__construct()
 2 SYSTEMPATH\CodeIgniter.php(904): App\Controllers\Home->__construct()
 3 SYSTEMPATH\CodeIgniter.php(488): CodeIgniter\CodeIgniter->createController()
 4 SYSTEMPATH\CodeIgniter.php(366): CodeIgniter\CodeIgniter->handleRequest(null, Object(Config\Cache), false)
 5 FCPATH\index.php(67): CodeIgniter\CodeIgniter->run()
WARNING - 2023-11-17 02:16:34 --> [DEPRECATED] Creation of dynamic property App\Controllers\Home::$DataTables is deprecated in APPPATH\Controllers\Home.php on line 11.
 1 SYSTEMPATH\CodeIgniter.php(904): App\Controllers\Home->__construct()
 2 SYSTEMPATH\CodeIgniter.php(488): CodeIgniter\CodeIgniter->createController()
 3 SYSTEMPATH\CodeIgniter.php(366): CodeIgniter\CodeIgniter->handleRequest(null, Object(Config\Cache), false)
 4 FCPATH\index.php(67): CodeIgniter\CodeIgniter->run()
INFO - 2023-11-17 02:16:34 --> Session: Class initialized using 'CodeIgniter\Session\Handlers\FileHandler' driver.
WARNING - 2023-11-17 02:16:34 --> [DEPRECATED] Creation of dynamic property App\Libraries\DataTables::$db is deprecated in APPPATH\Libraries\DataTables.php on line 9.
 1 APPPATH\Controllers\Home.php(11): App\Libraries\DataTables->__construct()
 2 SYSTEMPATH\CodeIgniter.php(904): App\Controllers\Home->__construct()
 3 SYSTEMPATH\CodeIgniter.php(488): CodeIgniter\CodeIgniter->createController()
 4 SYSTEMPATH\CodeIgniter.php(366): CodeIgniter\CodeIgniter->handleRequest(null, Object(Config\Cache), false)
 5 FCPATH\index.php(67): CodeIgniter\CodeIgniter->run()
WARNING - 2023-11-17 02:16:34 --> [DEPRECATED] Creation of dynamic property App\Controllers\Home::$DataTables is deprecated in APPPATH\Controllers\Home.php on line 11.
 1 SYSTEMPATH\CodeIgniter.php(904): App\Controllers\Home->__construct()
 2 SYSTEMPATH\CodeIgniter.php(488): CodeIgniter\CodeIgniter->createController()
 3 SYSTEMPATH\CodeIgniter.php(366): CodeIgniter\CodeIgniter->handleRequest(null, Object(Config\Cache), false)
 4 FCPATH\index.php(67): CodeIgniter\CodeIgniter->run()
WARNING - 2023-11-17 02:16:38 --> [DEPRECATED] Creation of dynamic property App\Libraries\DataTables::$db is deprecated in APPPATH\Libraries\DataTables.php on line 9.
 1 APPPATH\Controllers\Home.php(11): App\Libraries\DataTables->__construct()
 2 SYSTEMPATH\CodeIgniter.php(904): App\Controllers\Home->__construct()
 3 SYSTEMPATH\CodeIgniter.php(488): CodeIgniter\CodeIgniter->createController()
 4 SYSTEMPATH\CodeIgniter.php(366): CodeIgniter\CodeIgniter->handleRequest(null, Object(Config\Cache), false)
 5 FCPATH\index.php(67): CodeIgniter\CodeIgniter->run()
WARNING - 2023-11-17 02:16:38 --> [DEPRECATED] Creation of dynamic property App\Controllers\Home::$DataTables is deprecated in APPPATH\Controllers\Home.php on line 11.
 1 SYSTEMPATH\CodeIgniter.php(904): App\Controllers\Home->__construct()
 2 SYSTEMPATH\CodeIgniter.php(488): CodeIgniter\CodeIgniter->createController()
 3 SYSTEMPATH\CodeIgniter.php(366): CodeIgniter\CodeIgniter->handleRequest(null, Object(Config\Cache), false)
 4 FCPATH\index.php(67): CodeIgniter\CodeIgniter->run()
WARNING - 2023-11-17 02:16:39 --> [DEPRECATED] Creation of dynamic property App\Libraries\DataTables::$db is deprecated in APPPATH\Libraries\DataTables.php on line 9.
 1 APPPATH\Controllers\Home.php(11): App\Libraries\DataTables->__construct()
 2 SYSTEMPATH\CodeIgniter.php(904): App\Controllers\Home->__construct()
 3 SYSTEMPATH\CodeIgniter.php(488): CodeIgniter\CodeIgniter->createController()
 4 SYSTEMPATH\CodeIgniter.php(366): CodeIgniter\CodeIgniter->handleRequest(null, Object(Config\Cache), false)
 5 FCPATH\index.php(67): CodeIgniter\CodeIgniter->run()
WARNING - 2023-11-17 02:16:39 --> [DEPRECATED] Creation of dynamic property App\Controllers\Home::$DataTables is deprecated in APPPATH\Controllers\Home.php on line 11.
 1 SYSTEMPATH\CodeIgniter.php(904): App\Controllers\Home->__construct()
 2 SYSTEMPATH\CodeIgniter.php(488): CodeIgniter\CodeIgniter->createController()
 3 SYSTEMPATH\CodeIgniter.php(366): CodeIgniter\CodeIgniter->handleRequest(null, Object(Config\Cache), false)
 4 FCPATH\index.php(67): CodeIgniter\CodeIgniter->run()
WARNING - 2023-11-17 02:16:41 --> [DEPRECATED] Creation of dynamic property App\Libraries\DataTables::$db is deprecated in APPPATH\Libraries\DataTables.php on line 9.
 1 APPPATH\Controllers\Home.php(11): App\Libraries\DataTables->__construct()
 2 SYSTEMPATH\CodeIgniter.php(904): App\Controllers\Home->__construct()
 3 SYSTEMPATH\CodeIgniter.php(488): CodeIgniter\CodeIgniter->createController()
 4 SYSTEMPATH\CodeIgniter.php(366): CodeIgniter\CodeIgniter->handleRequest(null, Object(Config\Cache), false)
 5 FCPATH\index.php(67): CodeIgniter\CodeIgniter->run()
WARNING - 2023-11-17 02:16:41 --> [DEPRECATED] Creation of dynamic property App\Controllers\Home::$DataTables is deprecated in APPPATH\Controllers\Home.php on line 11.
 1 SYSTEMPATH\CodeIgniter.php(904): App\Controllers\Home->__construct()
 2 SYSTEMPATH\CodeIgniter.php(488): CodeIgniter\CodeIgniter->createController()
 3 SYSTEMPATH\CodeIgniter.php(366): CodeIgniter\CodeIgniter->handleRequest(null, Object(Config\Cache), false)
 4 FCPATH\index.php(67): CodeIgniter\CodeIgniter->run()
WARNING - 2023-11-17 02:16:44 --> [DEPRECATED] Creation of dynamic property App\Libraries\DataTables::$db is deprecated in APPPATH\Libraries\DataTables.php on line 9.
 1 APPPATH\Controllers\Home.php(11): App\Libraries\DataTables->__construct()
 2 SYSTEMPATH\CodeIgniter.php(904): App\Controllers\Home->__construct()
 3 SYSTEMPATH\CodeIgniter.php(488): CodeIgniter\CodeIgniter->createController()
 4 SYSTEMPATH\CodeIgniter.php(366): CodeIgniter\CodeIgniter->handleRequest(null, Object(Config\Cache), false)
 5 FCPATH\index.php(67): CodeIgniter\CodeIgniter->run()
WARNING - 2023-11-17 02:16:44 --> [DEPRECATED] Creation of dynamic property App\Controllers\Home::$DataTables is deprecated in APPPATH\Controllers\Home.php on line 11.
 1 SYSTEMPATH\CodeIgniter.php(904): App\Controllers\Home->__construct()
 2 SYSTEMPATH\CodeIgniter.php(488): CodeIgniter\CodeIgniter->createController()
 3 SYSTEMPATH\CodeIgniter.php(366): CodeIgniter\CodeIgniter->handleRequest(null, Object(Config\Cache), false)
 4 FCPATH\index.php(67): CodeIgniter\CodeIgniter->run()
WARNING - 2023-11-17 02:16:45 --> [DEPRECATED] Creation of dynamic property App\Libraries\DataTables::$db is deprecated in APPPATH\Libraries\DataTables.php on line 9.
 1 APPPATH\Controllers\Home.php(11): App\Libraries\DataTables->__construct()
 2 SYSTEMPATH\CodeIgniter.php(904): App\Controllers\Home->__construct()
 3 SYSTEMPATH\CodeIgniter.php(488): CodeIgniter\CodeIgniter->createController()
 4 SYSTEMPATH\CodeIgniter.php(366): CodeIgniter\CodeIgniter->handleRequest(null, Object(Config\Cache), false)
 5 FCPATH\index.php(67): CodeIgniter\CodeIgniter->run()
WARNING - 2023-11-17 02:16:45 --> [DEPRECATED] Creation of dynamic property App\Controllers\Home::$DataTables is deprecated in APPPATH\Controllers\Home.php on line 11.
 1 SYSTEMPATH\CodeIgniter.php(904): App\Controllers\Home->__construct()
 2 SYSTEMPATH\CodeIgniter.php(488): CodeIgniter\CodeIgniter->createController()
 3 SYSTEMPATH\CodeIgniter.php(366): CodeIgniter\CodeIgniter->handleRequest(null, Object(Config\Cache), false)
 4 FCPATH\index.php(67): CodeIgniter\CodeIgniter->run()
WARNING - 2023-11-17 02:16:46 --> [DEPRECATED] Creation of dynamic property App\Libraries\DataTables::$db is deprecated in APPPATH\Libraries\DataTables.php on line 9.
 1 APPPATH\Controllers\Home.php(11): App\Libraries\DataTables->__construct()
 2 SYSTEMPATH\CodeIgniter.php(904): App\Controllers\Home->__construct()
 3 SYSTEMPATH\CodeIgniter.php(488): CodeIgniter\CodeIgniter->createController()
 4 SYSTEMPATH\CodeIgniter.php(366): CodeIgniter\CodeIgniter->handleRequest(null, Object(Config\Cache), false)
 5 FCPATH\index.php(67): CodeIgniter\CodeIgniter->run()
WARNING - 2023-11-17 02:16:46 --> [DEPRECATED] Creation of dynamic property App\Controllers\Home::$DataTables is deprecated in APPPATH\Controllers\Home.php on line 11.
 1 SYSTEMPATH\CodeIgniter.php(904): App\Controllers\Home->__construct()
 2 SYSTEMPATH\CodeIgniter.php(488): CodeIgniter\CodeIgniter->createController()
 3 SYSTEMPATH\CodeIgniter.php(366): CodeIgniter\CodeIgniter->handleRequest(null, Object(Config\Cache), false)
 4 FCPATH\index.php(67): CodeIgniter\CodeIgniter->run()
WARNING - 2023-11-17 02:18:25 --> [DEPRECATED] Creation of dynamic property App\Libraries\DataTables::$db is deprecated in APPPATH\Libraries\DataTables.php on line 9.
 1 APPPATH\Controllers\Home.php(11): App\Libraries\DataTables->__construct()
 2 SYSTEMPATH\CodeIgniter.php(904): App\Controllers\Home->__construct()
 3 SYSTEMPATH\CodeIgniter.php(488): CodeIgniter\CodeIgniter->createController()
 4 SYSTEMPATH\CodeIgniter.php(366): CodeIgniter\CodeIgniter->handleRequest(null, Object(Config\Cache), false)
 5 FCPATH\index.php(67): CodeIgniter\CodeIgniter->run()
WARNING - 2023-11-17 02:18:25 --> [DEPRECATED] Creation of dynamic property App\Controllers\Home::$DataTables is deprecated in APPPATH\Controllers\Home.php on line 11.
 1 SYSTEMPATH\CodeIgniter.php(904): App\Controllers\Home->__construct()
 2 SYSTEMPATH\CodeIgniter.php(488): CodeIgniter\CodeIgniter->createController()
 3 SYSTEMPATH\CodeIgniter.php(366): CodeIgniter\CodeIgniter->handleRequest(null, Object(Config\Cache), false)
 4 FCPATH\index.php(67): CodeIgniter\CodeIgniter->run()
INFO - 2023-11-17 02:18:25 --> Session: Class initialized using 'CodeIgniter\Session\Handlers\FileHandler' driver.
WARNING - 2023-11-17 02:18:31 --> [DEPRECATED] Creation of dynamic property App\Libraries\DataTables::$db is deprecated in APPPATH\Libraries\DataTables.php on line 9.
 1 APPPATH\Controllers\Home.php(11): App\Libraries\DataTables->__construct()
 2 SYSTEMPATH\CodeIgniter.php(904): App\Controllers\Home->__construct()
 3 SYSTEMPATH\CodeIgniter.php(488): CodeIgniter\CodeIgniter->createController()
 4 SYSTEMPATH\CodeIgniter.php(366): CodeIgniter\CodeIgniter->handleRequest(null, Object(Config\Cache), false)
 5 FCPATH\index.php(67): CodeIgniter\CodeIgniter->run()
WARNING - 2023-11-17 02:18:31 --> [DEPRECATED] Creation of dynamic property App\Controllers\Home::$DataTables is deprecated in APPPATH\Controllers\Home.php on line 11.
 1 SYSTEMPATH\CodeIgniter.php(904): App\Controllers\Home->__construct()
 2 SYSTEMPATH\CodeIgniter.php(488): CodeIgniter\CodeIgniter->createController()
 3 SYSTEMPATH\CodeIgniter.php(366): CodeIgniter\CodeIgniter->handleRequest(null, Object(Config\Cache), false)
 4 FCPATH\index.php(67): CodeIgniter\CodeIgniter->run()
WARNING - 2023-11-17 02:19:31 --> [DEPRECATED] Creation of dynamic property App\Libraries\DataTables::$db is deprecated in APPPATH\Libraries\DataTables.php on line 9.
 1 APPPATH\Controllers\Home.php(11): App\Libraries\DataTables->__construct()
 2 SYSTEMPATH\CodeIgniter.php(904): App\Controllers\Home->__construct()
 3 SYSTEMPATH\CodeIgniter.php(488): CodeIgniter\CodeIgniter->createController()
 4 SYSTEMPATH\CodeIgniter.php(366): CodeIgniter\CodeIgniter->handleRequest(null, Object(Config\Cache), false)
 5 FCPATH\index.php(67): CodeIgniter\CodeIgniter->run()
WARNING - 2023-11-17 02:19:31 --> [DEPRECATED] Creation of dynamic property App\Controllers\Home::$DataTables is deprecated in APPPATH\Controllers\Home.php on line 11.
 1 SYSTEMPATH\CodeIgniter.php(904): App\Controllers\Home->__construct()
 2 SYSTEMPATH\CodeIgniter.php(488): CodeIgniter\CodeIgniter->createController()
 3 SYSTEMPATH\CodeIgniter.php(366): CodeIgniter\CodeIgniter->handleRequest(null, Object(Config\Cache), false)
 4 FCPATH\index.php(67): CodeIgniter\CodeIgniter->run()
CRITICAL - 2023-11-17 02:19:31 --> Undefined array key "search"
in APPPATH\Libraries\DataTables.php on line 14.
 1 APPPATH\Libraries\DataTables.php(14): CodeIgniter\Debug\Exceptions->errorHandler(2, 'Undefined array key "search"', 'C:\\xampp\\htdocs\\ci4-setelahuts\\app\\Libraries\\DataTables.php', 14)
 2 APPPATH\Controllers\Home.php(35): App\Libraries\DataTables->BuildDatatables('SELECT * FROM user', null, null, [...])
 3 SYSTEMPATH\CodeIgniter.php(932): App\Controllers\Home->grid()
 4 SYSTEMPATH\CodeIgniter.php(497): CodeIgniter\CodeIgniter->runController(Object(App\Controllers\Home))
 5 SYSTEMPATH\CodeIgniter.php(366): CodeIgniter\CodeIgniter->handleRequest(null, Object(Config\Cache), false)
 6 FCPATH\index.php(67): CodeIgniter\CodeIgniter->run()
WARNING - 2023-11-17 02:33:47 --> [DEPRECATED] Creation of dynamic property App\Libraries\DataTables::$db is deprecated in APPPATH\Libraries\DataTables.php on line 9.
 1 APPPATH\Controllers\Home.php(11): App\Libraries\DataTables->__construct()
 2 SYSTEMPATH\CodeIgniter.php(904): App\Controllers\Home->__construct()
 3 SYSTEMPATH\CodeIgniter.php(488): CodeIgniter\CodeIgniter->createController()
 4 SYSTEMPATH\CodeIgniter.php(366): CodeIgniter\CodeIgniter->handleRequest(null, Object(Config\Cache), false)
 5 FCPATH\index.php(67): CodeIgniter\CodeIgniter->run()
WARNING - 2023-11-17 02:33:47 --> [DEPRECATED] Creation of dynamic property App\Controllers\Home::$DataTables is deprecated in APPPATH\Controllers\Home.php on line 11.
 1 SYSTEMPATH\CodeIgniter.php(904): App\Controllers\Home->__construct()
 2 SYSTEMPATH\CodeIgniter.php(488): CodeIgniter\CodeIgniter->createController()
 3 SYSTEMPATH\CodeIgniter.php(366): CodeIgniter\CodeIgniter->handleRequest(null, Object(Config\Cache), false)
 4 FCPATH\index.php(67): CodeIgniter\CodeIgniter->run()
INFO - 2023-11-17 02:33:47 --> Session: Class initialized using 'CodeIgniter\Session\Handlers\FileHandler' driver.
WARNING - 2023-11-17 02:33:48 --> [DEPRECATED] Creation of dynamic property App\Libraries\DataTables::$db is deprecated in APPPATH\Libraries\DataTables.php on line 9.
 1 APPPATH\Controllers\Home.php(11): App\Libraries\DataTables->__construct()
 2 SYSTEMPATH\CodeIgniter.php(904): App\Controllers\Home->__construct()
 3 SYSTEMPATH\CodeIgniter.php(488): CodeIgniter\CodeIgniter->createController()
 4 SYSTEMPATH\CodeIgniter.php(366): CodeIgniter\CodeIgniter->handleRequest(null, Object(Config\Cache), false)
 5 FCPATH\index.php(67): CodeIgniter\CodeIgniter->run()
WARNING - 2023-11-17 02:33:48 --> [DEPRECATED] Creation of dynamic property App\Controllers\Home::$DataTables is deprecated in APPPATH\Controllers\Home.php on line 11.
 1 SYSTEMPATH\CodeIgniter.php(904): App\Controllers\Home->__construct()
 2 SYSTEMPATH\CodeIgniter.php(488): CodeIgniter\CodeIgniter->createController()
 3 SYSTEMPATH\CodeIgniter.php(366): CodeIgniter\CodeIgniter->handleRequest(null, Object(Config\Cache), false)
 4 FCPATH\index.php(67): CodeIgniter\CodeIgniter->run()
